WARNING! DIMACS header mismatch: wrong number of variables.
4294967295
238
330
191
567
4294967295
496
775
817
994
955
1128
1294
1220
4294967295
1227
4294967295
1736
1806
1857
1986
1898
1912
1919
2375
2315
2518
2578
2660
2756
2828
2882
3072
3167
2998
3280
3441
3557
4294967295
3492
4294967295
4294967295
4010
3976
131
265
184
4352
743
4455
4520
503
4612
4682
4735
4796
1411
4937
1234
5059
1621
5179
1826
1763
4294967295
5380
5441
5489
5544
5650
5662
2329
5778
5848
5914
5984
3117
3012
6172
4294967295
6322
6257
6435
6505
3839
3944
4294967295
6775
170
16266
4294967295
475
7011
4294967295
7063
969
4592
1199
7210
1255
1756
7323
1689
7376
1947
1975
2266
2301
7537
4294967295
7590
5771
2963
7691
3026
3464
3478
7854
7866
4294967295
4294967295
4294967295
4294967295
4294967295
4294967295
4294967295
4294967295
4294967295
4294967295
4294967295
4294967295
4294967295
4294967295
4294967295
4294967295
4294967295
4294967295
4294967295
4294967295
4294967295
4294967295
4294967295
4294967295
4294967295
4294967295
4294967295
4294967295
4294967295
4294967295
4294967295
4294967295
4294967295
4294967295
4294967295
4294967295
4294967295
155
4294967295
4294967295
727
4294967295
4294967295
7137
4294967295
4294967295
10818
4294967295
4294967295
4294967295
4294967295
4294967295
2101
4294967295
4294967295
4294967295
4294967295
4294967295
2805
4294967295
4294967295
4294967295
4294967295
4294967295
3212
4294967295
4294967295
3851
4294967295
139
4294967295
4294967295
4294967295
4294967295
4294967295
4294967295
4294967295
4294967295
1484
4294967295
4294967295
1629
4294967295
4294967295
2085
4294967295
4294967295
4294967295
4294967295
4294967295
2789
4294967295
4294967295
629
4294967295
4294967295
3650
4294967295
4294967295
7938
4294967295
4294967295
143
159
4294967295
4294967295
4580
4294967295
4294967295
7141
4294967295
4294967295
5014
4294967295
4294967295
1649
4294967295
2089
2105
4294967295
4294967295
2457
4294967295
2793
2809
4294967295
7925
7732
4294967295
4294967295
3813
4294967295
4294967295
4294967295
4294967295
4294967295
4294967295
4294967295
4294967295
731
4294967295
4294967295
7145
4294967295
4294967295
1500
4294967295
4294967295
1653
4294967295
4294967295
2166
4294967295
4294967295
118
4294967295
4294967295
2870
4294967295
4294967295
3249
4294967295
4294967295
3666
4294967295
4294967295
3855
4294967295
147
4294967295
4294967295
711
4294967295
4294967295
4294967295
4294967295
4294967295
7899
4294967295
4294967295
4294967295
4294967295
4294967295
2146
4294967295
4294967295
4294967295
4294967295
4294967295
2850
4294967295
4294967295
3233
4294967295
4294967295
8588
4294967295
4294967295
4294967295
4294967295
4294967295
151
4294967295
4294967295
7912
4294967295
4294967295
4294967295
7149
4294967295
13564
1504
4294967295
4294967295
1657
4294967295
2210
2226
4294967295
4294967295
4192
4294967295
2914
2930
4294967295
13304
6136
4294967295
4294967295
3670
4294967295
4294967295
3859
135
4294967295
4294967295
4544
4294967295
4294967295
4294967295
4294967295
4294967295
4294967295
4294967295
4294967295
4294967295
4294967295
4294967295
4294967295
4294967295
4294967295
4294967295
4294967295
4294967295
2699
4294967295
4294967295
4294967295
4294967295
4294967295
4294967295
4294967295
4294967295
3843
4294967295
4294967295
4294967295
4294967295
4294967295
4294967295
715
4294967295
4294967295
4294967295
4294967295
4294967295
12709
4294967295
4294967295
4294967295
4294967295
4294967295
2093
4294967295
4294967295
4294967295
4294967295
4294967295
2797
4294967295
4294967295
13518
4294967295
4294967295
13809
4294967295
4294967295
7942
4294967295
4294967295
5255
4294967295
4294967295
719
735
4294967295
16261
7153
4294967295
4884
4896
4294967295
4294967295
5304
4294967295
2097
2109
4294967295
2449
2461
4294967295
2801
2813
4294967295
6072
6084
4294967295
7813
4294967295
4294967295
7946
3972
6846
4294967295
4294967295
4383
4294967295
4294967295
2064
4294967295
4294967295
4860
4294967295
4294967295
5207
4294967295
4294967295
4294967295
4294967295
4294967295
2429
4294967295
4294967295
2781
4294967295
4294967295
6048
4294967295
4294967295
3642
4294967295
4294967295
3948
4294967295
4294967295
6850
4294967295
4294967295
4387
4294967295
4423
7760
4294967295
7157
4864
4294967295
4294967295
5272
4294967295
4294967295
2081
4294967295
2113
2433
4294967295
4294967295
2785
4294967295
2817
6052
4294967295
6088
4294967295
4294967295
3905
3952
4294967295
4294967295
4294967295
4255
4294967295
4294967295
723
739
4294967295
4294967295
7161
4294967295
4888
4904
4294967295
4294967295
7355
4294967295
2158
2174
4294967295
7508
4218
4294967295
2862
2878
4294967295
6076
6092
4294967295
3662
3674
4294967295
7950
8000
6854
4294967295
4294967295
707
4294967295
4294967295
1072
4294967295
4294967295
4868
4294967295
4294967295
5276
4294967295
4294967295
2142
4294967295
4294967295
7472
4294967295
4294967295
2846
4294967295
4294967295
6056
4294967295
4294967295
6338
4294967295
4294967295
4294967295
4294967295
4294967295
6858
4294967295
4263
4395
4294967295
4431
2889
4294967295
7165
4872
4294967295
4908
5215
4294967295
5251
2202
4294967295
2234
7476
4294967295
4294967295
4294967295
4294967295
2938
6060
4294967295
6096
3646
4294967295
3678
4083
4294967295
8004
4294967295
4294967295
4294967295
4294967295
4294967295
4294967295
4294967295
4294967295
4294967295
4294967295
4294967295
4294967295
4294967295
4294967295
4294967295
4294967295
4294967295
4294967295
4294967295
4294967295
4294967295
4294967295
4294967295
4294967295
4294967295
4294967295
4294967295
4294967295
4294967295
4294967295
4294967295
4294967295
