WARNING! DIMACS header mismatch: wrong number of variables.
0.019505
0.001012
0.000632
0.00034
0.000325
3e-06
0
0.000456
0.000341
3e-06
0
0
0
0
0.000161
0.000515
0.000444
0.000457
0.000811
0.000583
0.000847
0.01868
0.000603
0.001165
0.000458
0.000631
0.00043
0.00036
0.000362
0.0006
0.000468
0.026281
0.000481
0.001395
0.000566
0.000479
0.002586
0.000513
0.002586
0.000591
0.000579
0.000623
0.010591
0.000599
0.000392
0.000796
0.000432
0.000491
0.003166
0.000793
0.001211
0.001639
0.001396
0.001084
0.002233
0.001008
0.000662
0.000669
0.000572
0.000527
0.000505
0.002312
0.000493
3e-06
0
0.004974
0.000462
0.000356
0.00049
0.000355
0.00042
0.000346
0.000452
0.000657
0.000749
0.000535
0.000339
0.002966
0.000602
0.000449
4e-06
0.001356
0.002018
0.003969
0.00075
0.000768
0.000559
0.000584
0.00514
0.000425
0.000319
0.009241
0.000563
0.000491
0.000375
3e-06
0
0
0
0.001988
0.000567
0.001806
0.000446
0.000386
0.000349
0.000571
0.000429
0.000617
0.000495
0.00041
0.000411
0.000426
0.000347
0.006243
0.000736
0.000604
0.000579
0.000542
0.000578
0.001144
0.000607
0.064391
0.000914
0.015991
0.000702
4e-06
0
0
0.000668
0.002484
5e-06
0
0.000988
0.001221
0.000581
0.001256
0.000684
0.000732
0.003015
0.004362
0.0004
3e-06
0
0.000109
0
0.000969
0.000692
0.000814
0.000542
0.000742
0.000641
0.000928
0.001689
0.015179
0.00039
3e-06
0
0
0.000208
0.005002
0.001152
0.001055
0.000679
0.000848
0.000633
0.021506
0.000595
0.0012
0.000642
0.006696
0.000689
0.002914
0.000349
0.000329
0.000254
0.011414
0.00119
0.000422
0.000247
0.0013
0.004968
0.000474
0.000406
0.001191
0.000472
0.001727
0.00045
0.002016
0.000498
0.000359
0.000259
0.00048
0.000582
0.000799
0.000372
0.000254
0.00024
0.000326
0.000302
0.000293
0.000238
0.000277
0.000238
0.000634
0.001878
0.001314
0.026783
0.000391
0.000356
0.000533
0.004409
0.000265
0.005394
0.000685
0.000283
0.000323
0.002099
0.000529
0.00054
0.000334
0.000184
0.011316
0.000912
0.000321
0.000213
0.000499
0.000351
0.001129
0.000867
0.000233
0.000174
0.000263
0.0022
0.000294
0.000195
0.000181
0.002847
0.000264
0.00033
0.000352
3e-06
0
0
0
0
0
0
0
0.000231
0.000221
0.000205
0.000177
0.000161
0.000173
0.000155
0.000143
0.00015
0.000154
0.000151
0.00015
0.000149
0.000151
0.000149
0.00015
0.000148
0.00015
0.000141
0.000133
0.00015
0.000132
0.000242
0.000179
0.000166
0.000155
0.000237
0.000179
0.000165
0.000157
0.000235
0.000173
0.00024
0.000173
0.000166
0.000166
0.000159
0.000158
0.000155
0.000158
0.000154
0.000153
0.000153
0.000153
0.000164
0.000152
0.000162
0.000157
0.000152
0.00016
2e-06
0
0
0
0
0
0
0
0
0
0
0
0
0
0.000569
0.00257
3e-06
0
0
0
0.003223
0.000282
0.000201
0.000175
0.000167
0.000163
0.000264
0.000194
0.000173
0.000642
0.000291
0.000262
0.000569
0.000377
0.000234
0.000261
0.000257
0.000256
0.000316
0.000297
0.000266
0.000252
0.000257
0.000257
0.000421
0.000504
2e-06
0
0
0
0.001618
0.000461
0.000341
0.000203
0.000197
0.000152
0.001106
0.000488
0.000194
0.000179
0.000172
0.000168
0.000164
0.000164
0.000161
0.00016
0.00016
0.000157
0.000232
1e-06
0
0
0
0
0
0
0
0
0
0
5.4e-05
0.000153
0.000176
0.000163
0.00016
0.000233
0.000241
0.000255
0.000234
0.000251
0.001786
0.000387
0.000173
0.000194
0.00017
0.000176
0.001034
0.000583
0.000192
0.000179
0.000191
0.000165
0.001231
0.000343
0.000159
0.000163
0.000163
0.00016
0.001022
0.000363
0.000293
0.000302
0.000296
0.000289
0.000567
0.000326
0.000301
0.000305
0.000298
0.000292
0.002427
0.000599
0.000304
0.000339
0.000301
0.0003
0.000579
0.000421
0.000384
0.00038
3e-06
0
0
0
0
0
0
0
0.005865
0.000558
0.00025
0.000234
0.000221
0.000214
0.000472
3e-06
0
0
0
0
0
0
0.002125
0.00039
0.000241
0.000233
0.000382
2e-06
0
0
0
0
0.001565
0.000625
0.000367
0.000244
0.000231
0.00023
2e-06
0
0
0
0
0
0
0
0.002059
0.000369
0.000235
0.000258
0.000463
3e-06
0
0
0
0
0
0
0
0
0
0
0
0
0
0
0
0
0
0
0
0
0
2.5e-05
0.000265
0.00027
0.000261
0.000266
0.000241
0.000317
0.00029
0.000357
0.000314
0.000418
3e-06
0
0
0
0
0
0
0
0.000279
0.000365
0.191221
0.000584
0.000473
0.000478
0.000505
0.000512
0.001163
0.000804
0.000603
0.000384
0.000437
0.000468
0.00116
0.001301
0.000912
0.000516
0.000522
0.000455
0.000451
0.000456
0.000332
0.000354
0.000328
0.000237
0.000395
2e-06
0
0
0
0
0
0
0
0.000257
0.00024
0.000231
0.000328
0.000513
0.000285
0.000243
0.000236
0.000214
0.00278
0.000551
0.000284
0.000233
0.000257
1e-06
0
0.022497
0.000307
0.000218
1e-06
0
0
0
0
0
0
0
0
0
0
0
6.7e-05
0.000352
0.000378
0.000173
0.000168
0.000162
0.007156
0.002426
0.000336
0.000182
0.000176
0.000171
0.004256
0.000752
3e-06
0
0
0
0
0
0
0
0
0
0
0
0
0
0
0
0
0.01952
0.000343
0.000186
0.000181
0.00017
0.000286
0.000277
0.000183
0.00017
0.000165
0.00016
0.000287
0.000214
0.000173
0.00017
0.000162
0.000184
0.000216
0.000213
2e-06
0
0
0
0
0
0.000509
0.000319
0.000313
0.000289
0.007029
0.000518
0.00022
0.000161
0.000153
0.00015
0.000273
1e-06
0
0
0
0
0
0
0
0
0
0
0
0
0
0.000198
0.000226
0.000201
0.000703
0.000409
0.000352
0.000247
2e-06
0
0
0
0.000549
0.000171
0.000153
0.000148
0.000272
0.002514
0.019003
0.000329
0.000184
0.000173
0.000789
0.000472
0.009411
0.000344
0.000182
0.000177
0.000298
0.000259
0.000232
0.000188
0.000176
0.000174
0.00017
2e-06
0
0
0
0
4.9e-05
0.000183
0.000168
0.000162
0.000301
0.000217
0.000161
0.000167
0.000171
0.000164
0.000306
0.000246
0.000178
0.000174
0.000168
0.000163
0.000245
2e-06
0
0
0
0
0
0
0
0
0
0
0
0
0
0
0
0
0
0
0
6.2e-05
0.000208
0.000237
0.000275
0.000213
0.000174
0.000152
0.00016
0.00015
0.00028
0.000319
0.000456
0.000386
0.000414
0.000214
0.000508
0.000428
0.000561
0.000217
0.000253
0.000247
0.000586
0.000324
0.000178
0.000175
0.000166
0.000165
0.000207
0.000177
0.000195
0.000197
0.000193
0.000194
0.00024
0.000272
0.000624
0.000258
0.000248
0.000247
0.00026
0.000222
0.000622
0.00066
0.0003
0.000222
0.000218
0.000215
0.000393
0.000232
0.000211
0.00021
0.000201
0.000198
0.000411
0.000407
0.000211
0.000207
0.000202
0.000195
0.000262
0.000229
0.000207
0.000203
0.000192
0.000192
0.000448
0.000258
0.000215
0.000279
0.000478
0.000423
0.000634
0.000222
0.000187
0.000182
0.000176
0.000167
0.000278
0.00018
0.000172
2e-06
0
0
0
0
0
0
0
0
0
0
0
0
0
0
0.000344
0.000221
0.000235
0.000222
0.000268
0.000231
0.00034
0.000297
0.000708
0.001104
0.00038
0.000211
0.004368
0.000452
0.000237
0.000162
0.00016
2e-06
0
0
0
0
0
0
0
0
0
0
0
0
0
0
0
0
0
0
0
0
0
0
0
0
0
0.000224
0.000191
0.000183
0.000197
0.000204
0.000489
0.000385
0.000293
0.000221
0.000206
0.000194
0.000425
0.003328
0.000187
0.000168
0.000168
0.000163
0.000178
0.000414
0.000257
0.000176
0.00029
0.000196
0.000173
0.000169
0.000163
0.000158
0.00025
0.000194
0.00018
0.000171
0.000214
0.000181
0.0002
0.000243
0.000201
0.000173
0.000165
0.000161
0.000214
0.000193
0.000175
0.00017
0.000426
0.000182
0.000537
0.000259
0.000178
0.000171
0.000164
0.000249
0.00018
0.000209
0.000202
0.00018
0.000164
0.000205
0.00042
0.000258
1e-06
0
0
0
0
0
0
0
0
0
0
0
0
0
0
0
0
0
0
0
0
0
0.00101
0.000456
0.000297
0.00015
0.000146
0.00014
0.009644
0.000284
0.000191
0.000198
0.002599
0.000743
0.003543
0.000268
0.000224
0.000236
0.022507
0.000514
2e-06
0
0
0
0
0
0.000921
0.00032
0.000179
0.000154
0.000332
0.002923
0.007585
0.000437
0.00059
0.000351
0.002945
0.000753
0.006018
0.000336
0.000276
0.000266
0.029206
0.000475
0.022445
0.000512
0.000185
0.000176
0.000287
0.000305
0.000319
0.001223
0.000485
0.000211
0.000192
0.004668
0.000459
0.002085
0.000408
0.000385
0.005971
0.000384
0.000297
0.000215
0.000209
0.000204
0.000324
0.000333
0.001758
0.000387
0.000381
0.000185
0.000216
0.000205
0.000211
0.000206
0.000403
0.000246
0.000218
0.000216
0.000209
0.000205
0.000686
0.000438
0.000284
0.000238
0.000223
0.000234
0.000271
0.000245
0.000539
0.000328
0.000338
0.00032
0.001056
0.00062
0.005933
0.000867
0.000463
0.000284
0.000519
0.000317
0.000238
0.000185
2e-06
0
0
0
0.001516
0.000701
0.000253
0.000201
0.000576
0.000332
0.000294
0.00021
0.000196
0.000182
0.000418
0.00243
0.006953
0.000304
0.000197
0.000217
0.000365
0.010449
0.000432
0.000208
0.000178
1e-06
0
0
0
0
0
2.3e-05
1e-06
0
0.00255
0.001133
0.023664
0.001461
0.00022
0.000177
0.000158
0.000157
0.000342
1e-06
0
0
0
0
0.002772
1e-06
0
0
0
0
0
0
0
0.000171
0.000195
0.000185
2e-06
0
0
0
0
0
0
0
1.9e-05
1e-06
0
0
0
0
0
0
0
0
0
0
0
0
0
0
0
0
0
0
0
0
0.000406
0.000252
0.000181
0.000178
0.000164
0.000142
0.000138
0.000139
0.00014
0.000138
0.00014
0.000139
0.004397
0.00071
0.000483
0.000159
0.00065
0.000457
0.00047
0.000265
0.000207
0.000331
0.004296
0.000295
0.02106
0.003677
0.000359
0.000242
0.000666
0.000379
0.000402
0.000423
0.000367
0.00019
0.001276
0.001338
0.002736
0.00023
0.000176
0.000178
0.000272
0.000196
0.000268
0.000191
0.000169
0.000173
0.000213
0.000193
0.000253
0.000184
0.000171
0.000167
0.000161
0.000157
0.000157
0.000154
0.000151
0.000152
0.000175
0.0002
0.000519
0.025538
0.000257
0.000213
0.001707
0.00173
0.012976
0.000457
0.000212
0.000188
0.001013
0.00058
0.054445
1e-06
0
0
0
0.003041
0.001393
0.000537
0.000677
0.000431
0.00027
0.00023
0.000376
0.000296
0.000289
0.000321
0.000329
0.000288
0.000302
0.000301
0.001067
0.000396
0.000233
0.000196
0.004089
0.000613
0.017261
0.000366
0.000195
0.000158
1e-06
0
0
0
0
0
0
0
1.8e-05
1e-06
0
0
0
0
0
0
0
0
0
0
0
0
0
0
0.005376
0.000423
0.000192
0.000257
0.000159
0.000153
0.000409
0.00022
0.000202
0.000211
0.000176
0.000175
0.000187
0.000174
0.000351
0.000347
